Watching for file changes with StatReloader
Watching for file changes with StatReloader
C:\Users\diego\Desktop\Diego\programacion\Portfolio\whgg_django\summoner_dashboard\apps.py changed, reloading.
Watching for file changes with StatReloader
Watching for file changes with StatReloader
C:\Users\diego\Desktop\Diego\programacion\Portfolio\whgg_django\whgg_django\urls.py changed, reloading.
Watching for file changes with StatReloader
C:\Users\diego\Desktop\Diego\programacion\Portfolio\whgg_django\whgg_django\urls.py changed, reloading.
Watching for file changes with StatReloader
Watching for file changes with StatReloader
Internal Server Error: /
Traceback (most recent call last):
  File "C:\users\Diego\desktop\Diego\programacion\Portfolio\whgg_django\.venv\Lib\site-packages\django\core\handlers\exception.py", line 55, in inner
    response = get_response(request)
               ^^^^^^^^^^^^^^^^^^^^^
  File "C:\users\Diego\desktop\Diego\programacion\Portfolio\whgg_django\.venv\Lib\site-packages\django\core\handlers\base.py", line 197, in _get_response
    response = wrapped_callback(request, *callback_args, **callback_kwargs)
               ^^^^^^^^^^^^^^^^^^^^^^^^^^^^^^^^^^^^^^^^^^^^^^^^^^^^^^^^^^^^
  File "C:\Users\diego\Desktop\Diego\programacion\Portfolio\whgg_django\summoner_dashboard\views.py", line 8, in home
    return render(request, 'summoner_dashboard/main_page.html')
           ^^^^^^^^^^^^^^^^^^^^^^^^^^^^^^^^^^^^^^^^^^^^^^^^^^^^
  File "C:\users\Diego\desktop\Diego\programacion\Portfolio\whgg_django\.venv\Lib\site-packages\django\shortcuts.py", line 24, in render
    content = loader.render_to_string(template_name, context, request, using=using)
              ^^^^^^^^^^^^^^^^^^^^^^^^^^^^^^^^^^^^^^^^^^^^^^^^^^^^^^^^^^^^^^^^^^^^^
  File "C:\users\Diego\desktop\Diego\programacion\Portfolio\whgg_django\.venv\Lib\site-packages\django\template\loader.py", line 61, in render_to_string
    template = get_template(template_name, using=using)
               ^^^^^^^^^^^^^^^^^^^^^^^^^^^^^^^^^^^^^^^^
  File "C:\users\Diego\desktop\Diego\programacion\Portfolio\whgg_django\.venv\Lib\site-packages\django\template\loader.py", line 15, in get_template
    return engine.get_template(template_name)
           ^^^^^^^^^^^^^^^^^^^^^^^^^^^^^^^^^^
  File "C:\users\Diego\desktop\Diego\programacion\Portfolio\whgg_django\.venv\Lib\site-packages\django\template\backends\django.py", line 33, in get_template
    return Template(self.engine.get_template(template_name), self)
                    ^^^^^^^^^^^^^^^^^^^^^^^^^^^^^^^^^^^^^^^
  File "C:\users\Diego\desktop\Diego\programacion\Portfolio\whgg_django\.venv\Lib\site-packages\django\template\engine.py", line 175, in get_template
    template, origin = self.find_template(template_name)
                       ^^^^^^^^^^^^^^^^^^^^^^^^^^^^^^^^^
  File "C:\users\Diego\desktop\Diego\programacion\Portfolio\whgg_django\.venv\Lib\site-packages\django\template\engine.py", line 157, in find_template
    template = loader.get_template(name, skip=skip)
               ^^^^^^^^^^^^^^^^^^^^^^^^^^^^^^^^^^^^
  File "C:\users\Diego\desktop\Diego\programacion\Portfolio\whgg_django\.venv\Lib\site-packages\django\template\loaders\cached.py", line 57, in get_template
    template = super().get_template(template_name, skip)
               ^^^^^^^^^^^^^^^^^^^^^^^^^^^^^^^^^^^^^^^^^
  File "C:\users\Diego\desktop\Diego\programacion\Portfolio\whgg_django\.venv\Lib\site-packages\django\template\loaders\base.py", line 28, in get_template
    return Template(
           ^^^^^^^^^
  File "C:\users\Diego\desktop\Diego\programacion\Portfolio\whgg_django\.venv\Lib\site-packages\django\template\base.py", line 154, in __init__
    self.nodelist = self.compile_nodelist()
                    ^^^^^^^^^^^^^^^^^^^^^^^
  File "C:\users\Diego\desktop\Diego\programacion\Portfolio\whgg_django\.venv\Lib\site-packages\django\template\base.py", line 200, in compile_nodelist
    return parser.parse()
           ^^^^^^^^^^^^^^
  File "C:\users\Diego\desktop\Diego\programacion\Portfolio\whgg_django\.venv\Lib\site-packages\django\template\base.py", line 484, in parse
    raise self.error(token, e)
  File "C:\users\Diego\desktop\Diego\programacion\Portfolio\whgg_django\.venv\Lib\site-packages\django\template\base.py", line 482, in parse
    filter_expression = self.compile_filter(token.contents)
                        ^^^^^^^^^^^^^^^^^^^^^^^^^^^^^^^^^^^
  File "C:\users\Diego\desktop\Diego\programacion\Portfolio\whgg_django\.venv\Lib\site-packages\django\template\base.py", line 600, in compile_filter
    return FilterExpression(token, self)
           ^^^^^^^^^^^^^^^^^^^^^^^^^^^^^
  File "C:\users\Diego\desktop\Diego\programacion\Portfolio\whgg_django\.venv\Lib\site-packages\django\template\base.py", line 703, in __init__
    raise TemplateSyntaxError(
django.template.exceptions.TemplateSyntaxError: Could not parse the remainder: '('summoner.summoner_info', region=region, summoner_name=summoner_name)' from 'url_for('summoner.summoner_info', region=region, summoner_name=summoner_name)'
Not Found: /favicon.ico
Watching for file changes with StatReloader
Internal Server Error: /
Traceback (most recent call last):
  File "C:\users\Diego\desktop\Diego\programacion\Portfolio\whgg_django\.venv\Lib\site-packages\django\core\handlers\exception.py", line 55, in inner
    response = get_response(request)
               ^^^^^^^^^^^^^^^^^^^^^
  File "C:\users\Diego\desktop\Diego\programacion\Portfolio\whgg_django\.venv\Lib\site-packages\django\core\handlers\base.py", line 197, in _get_response
    response = wrapped_callback(request, *callback_args, **callback_kwargs)
               ^^^^^^^^^^^^^^^^^^^^^^^^^^^^^^^^^^^^^^^^^^^^^^^^^^^^^^^^^^^^
  File "C:\Users\diego\Desktop\Diego\programacion\Portfolio\whgg_django\summoner_dashboard\views.py", line 8, in home
    return render(request, 'summoner_dashboard/main_page.html')
           ^^^^^^^^^^^^^^^^^^^^^^^^^^^^^^^^^^^^^^^^^^^^^^^^^^^^
  File "C:\users\Diego\desktop\Diego\programacion\Portfolio\whgg_django\.venv\Lib\site-packages\django\shortcuts.py", line 24, in render
    content = loader.render_to_string(template_name, context, request, using=using)
              ^^^^^^^^^^^^^^^^^^^^^^^^^^^^^^^^^^^^^^^^^^^^^^^^^^^^^^^^^^^^^^^^^^^^^
  File "C:\users\Diego\desktop\Diego\programacion\Portfolio\whgg_django\.venv\Lib\site-packages\django\template\loader.py", line 61, in render_to_string
    template = get_template(template_name, using=using)
               ^^^^^^^^^^^^^^^^^^^^^^^^^^^^^^^^^^^^^^^^
  File "C:\users\Diego\desktop\Diego\programacion\Portfolio\whgg_django\.venv\Lib\site-packages\django\template\loader.py", line 15, in get_template
    return engine.get_template(template_name)
           ^^^^^^^^^^^^^^^^^^^^^^^^^^^^^^^^^^
  File "C:\users\Diego\desktop\Diego\programacion\Portfolio\whgg_django\.venv\Lib\site-packages\django\template\backends\django.py", line 33, in get_template
    return Template(self.engine.get_template(template_name), self)
                    ^^^^^^^^^^^^^^^^^^^^^^^^^^^^^^^^^^^^^^^
  File "C:\users\Diego\desktop\Diego\programacion\Portfolio\whgg_django\.venv\Lib\site-packages\django\template\engine.py", line 175, in get_template
    template, origin = self.find_template(template_name)
                       ^^^^^^^^^^^^^^^^^^^^^^^^^^^^^^^^^
  File "C:\users\Diego\desktop\Diego\programacion\Portfolio\whgg_django\.venv\Lib\site-packages\django\template\engine.py", line 157, in find_template
    template = loader.get_template(name, skip=skip)
               ^^^^^^^^^^^^^^^^^^^^^^^^^^^^^^^^^^^^
  File "C:\users\Diego\desktop\Diego\programacion\Portfolio\whgg_django\.venv\Lib\site-packages\django\template\loaders\cached.py", line 57, in get_template
    template = super().get_template(template_name, skip)
               ^^^^^^^^^^^^^^^^^^^^^^^^^^^^^^^^^^^^^^^^^
  File "C:\users\Diego\desktop\Diego\programacion\Portfolio\whgg_django\.venv\Lib\site-packages\django\template\loaders\base.py", line 28, in get_template
    return Template(
           ^^^^^^^^^
  File "C:\users\Diego\desktop\Diego\programacion\Portfolio\whgg_django\.venv\Lib\site-packages\django\template\base.py", line 154, in __init__
    self.nodelist = self.compile_nodelist()
                    ^^^^^^^^^^^^^^^^^^^^^^^
  File "C:\users\Diego\desktop\Diego\programacion\Portfolio\whgg_django\.venv\Lib\site-packages\django\template\base.py", line 200, in compile_nodelist
    return parser.parse()
           ^^^^^^^^^^^^^^
  File "C:\users\Diego\desktop\Diego\programacion\Portfolio\whgg_django\.venv\Lib\site-packages\django\template\base.py", line 484, in parse
    raise self.error(token, e)
  File "C:\users\Diego\desktop\Diego\programacion\Portfolio\whgg_django\.venv\Lib\site-packages\django\template\base.py", line 482, in parse
    filter_expression = self.compile_filter(token.contents)
                        ^^^^^^^^^^^^^^^^^^^^^^^^^^^^^^^^^^^
  File "C:\users\Diego\desktop\Diego\programacion\Portfolio\whgg_django\.venv\Lib\site-packages\django\template\base.py", line 600, in compile_filter
    return FilterExpression(token, self)
           ^^^^^^^^^^^^^^^^^^^^^^^^^^^^^
  File "C:\users\Diego\desktop\Diego\programacion\Portfolio\whgg_django\.venv\Lib\site-packages\django\template\base.py", line 703, in __init__
    raise TemplateSyntaxError(
django.template.exceptions.TemplateSyntaxError: Could not parse the remainder: '('summoner.summoner_info', region=region, summoner_name=summoner_name)' from 'url_for('summoner.summoner_info', region=region, summoner_name=summoner_name)'
Watching for file changes with StatReloader
Internal Server Error: /
Traceback (most recent call last):
  File "C:\users\Diego\desktop\Diego\programacion\Portfolio\whgg_django\.venv\Lib\site-packages\django\core\handlers\exception.py", line 55, in inner
    response = get_response(request)
               ^^^^^^^^^^^^^^^^^^^^^
  File "C:\users\Diego\desktop\Diego\programacion\Portfolio\whgg_django\.venv\Lib\site-packages\django\core\handlers\base.py", line 197, in _get_response
    response = wrapped_callback(request, *callback_args, **callback_kwargs)
               ^^^^^^^^^^^^^^^^^^^^^^^^^^^^^^^^^^^^^^^^^^^^^^^^^^^^^^^^^^^^
  File "C:\Users\diego\Desktop\Diego\programacion\Portfolio\whgg_django\summoner_dashboard\views.py", line 8, in home
    return render(request, 'summoner_dashboard/main_page.html')
           ^^^^^^^^^^^^^^^^^^^^^^^^^^^^^^^^^^^^^^^^^^^^^^^^^^^^
  File "C:\users\Diego\desktop\Diego\programacion\Portfolio\whgg_django\.venv\Lib\site-packages\django\shortcuts.py", line 24, in render
    content = loader.render_to_string(template_name, context, request, using=using)
              ^^^^^^^^^^^^^^^^^^^^^^^^^^^^^^^^^^^^^^^^^^^^^^^^^^^^^^^^^^^^^^^^^^^^^
  File "C:\users\Diego\desktop\Diego\programacion\Portfolio\whgg_django\.venv\Lib\site-packages\django\template\loader.py", line 61, in render_to_string
    template = get_template(template_name, using=using)
               ^^^^^^^^^^^^^^^^^^^^^^^^^^^^^^^^^^^^^^^^
  File "C:\users\Diego\desktop\Diego\programacion\Portfolio\whgg_django\.venv\Lib\site-packages\django\template\loader.py", line 15, in get_template
    return engine.get_template(template_name)
           ^^^^^^^^^^^^^^^^^^^^^^^^^^^^^^^^^^
  File "C:\users\Diego\desktop\Diego\programacion\Portfolio\whgg_django\.venv\Lib\site-packages\django\template\backends\django.py", line 33, in get_template
    return Template(self.engine.get_template(template_name), self)
                    ^^^^^^^^^^^^^^^^^^^^^^^^^^^^^^^^^^^^^^^
  File "C:\users\Diego\desktop\Diego\programacion\Portfolio\whgg_django\.venv\Lib\site-packages\django\template\engine.py", line 175, in get_template
    template, origin = self.find_template(template_name)
                       ^^^^^^^^^^^^^^^^^^^^^^^^^^^^^^^^^
  File "C:\users\Diego\desktop\Diego\programacion\Portfolio\whgg_django\.venv\Lib\site-packages\django\template\engine.py", line 157, in find_template
    template = loader.get_template(name, skip=skip)
               ^^^^^^^^^^^^^^^^^^^^^^^^^^^^^^^^^^^^
  File "C:\users\Diego\desktop\Diego\programacion\Portfolio\whgg_django\.venv\Lib\site-packages\django\template\loaders\cached.py", line 57, in get_template
    template = super().get_template(template_name, skip)
               ^^^^^^^^^^^^^^^^^^^^^^^^^^^^^^^^^^^^^^^^^
  File "C:\users\Diego\desktop\Diego\programacion\Portfolio\whgg_django\.venv\Lib\site-packages\django\template\loaders\base.py", line 28, in get_template
    return Template(
           ^^^^^^^^^
  File "C:\users\Diego\desktop\Diego\programacion\Portfolio\whgg_django\.venv\Lib\site-packages\django\template\base.py", line 154, in __init__
    self.nodelist = self.compile_nodelist()
                    ^^^^^^^^^^^^^^^^^^^^^^^
  File "C:\users\Diego\desktop\Diego\programacion\Portfolio\whgg_django\.venv\Lib\site-packages\django\template\base.py", line 200, in compile_nodelist
    return parser.parse()
           ^^^^^^^^^^^^^^
  File "C:\users\Diego\desktop\Diego\programacion\Portfolio\whgg_django\.venv\Lib\site-packages\django\template\base.py", line 484, in parse
    raise self.error(token, e)
  File "C:\users\Diego\desktop\Diego\programacion\Portfolio\whgg_django\.venv\Lib\site-packages\django\template\base.py", line 482, in parse
    filter_expression = self.compile_filter(token.contents)
                        ^^^^^^^^^^^^^^^^^^^^^^^^^^^^^^^^^^^
  File "C:\users\Diego\desktop\Diego\programacion\Portfolio\whgg_django\.venv\Lib\site-packages\django\template\base.py", line 600, in compile_filter
    return FilterExpression(token, self)
           ^^^^^^^^^^^^^^^^^^^^^^^^^^^^^
  File "C:\users\Diego\desktop\Diego\programacion\Portfolio\whgg_django\.venv\Lib\site-packages\django\template\base.py", line 703, in __init__
    raise TemplateSyntaxError(
django.template.exceptions.TemplateSyntaxError: Could not parse the remainder: '('summoner.summoner_info', region=region, summoner_name=summoner_name)' from 'url_for('summoner.summoner_info', region=region, summoner_name=summoner_name)'
Watching for file changes with StatReloader
Internal Server Error: /
Traceback (most recent call last):
  File "C:\users\Diego\desktop\Diego\programacion\Portfolio\whgg_django\.venv\Lib\site-packages\django\core\handlers\exception.py", line 55, in inner
    response = get_response(request)
               ^^^^^^^^^^^^^^^^^^^^^
  File "C:\users\Diego\desktop\Diego\programacion\Portfolio\whgg_django\.venv\Lib\site-packages\django\core\handlers\base.py", line 197, in _get_response
    response = wrapped_callback(request, *callback_args, **callback_kwargs)
               ^^^^^^^^^^^^^^^^^^^^^^^^^^^^^^^^^^^^^^^^^^^^^^^^^^^^^^^^^^^^
  File "C:\Users\diego\Desktop\Diego\programacion\Portfolio\whgg_django\summoner_dashboard\views.py", line 8, in home
    return render(request, 'summoner_dashboard/main_page.html')
           ^^^^^^^^^^^^^^^^^^^^^^^^^^^^^^^^^^^^^^^^^^^^^^^^^^^^
  File "C:\users\Diego\desktop\Diego\programacion\Portfolio\whgg_django\.venv\Lib\site-packages\django\shortcuts.py", line 24, in render
    content = loader.render_to_string(template_name, context, request, using=using)
              ^^^^^^^^^^^^^^^^^^^^^^^^^^^^^^^^^^^^^^^^^^^^^^^^^^^^^^^^^^^^^^^^^^^^^
  File "C:\users\Diego\desktop\Diego\programacion\Portfolio\whgg_django\.venv\Lib\site-packages\django\template\loader.py", line 61, in render_to_string
    template = get_template(template_name, using=using)
               ^^^^^^^^^^^^^^^^^^^^^^^^^^^^^^^^^^^^^^^^
  File "C:\users\Diego\desktop\Diego\programacion\Portfolio\whgg_django\.venv\Lib\site-packages\django\template\loader.py", line 15, in get_template
    return engine.get_template(template_name)
           ^^^^^^^^^^^^^^^^^^^^^^^^^^^^^^^^^^
  File "C:\users\Diego\desktop\Diego\programacion\Portfolio\whgg_django\.venv\Lib\site-packages\django\template\backends\django.py", line 33, in get_template
    return Template(self.engine.get_template(template_name), self)
                    ^^^^^^^^^^^^^^^^^^^^^^^^^^^^^^^^^^^^^^^
  File "C:\users\Diego\desktop\Diego\programacion\Portfolio\whgg_django\.venv\Lib\site-packages\django\template\engine.py", line 175, in get_template
    template, origin = self.find_template(template_name)
                       ^^^^^^^^^^^^^^^^^^^^^^^^^^^^^^^^^
  File "C:\users\Diego\desktop\Diego\programacion\Portfolio\whgg_django\.venv\Lib\site-packages\django\template\engine.py", line 157, in find_template
    template = loader.get_template(name, skip=skip)
               ^^^^^^^^^^^^^^^^^^^^^^^^^^^^^^^^^^^^
  File "C:\users\Diego\desktop\Diego\programacion\Portfolio\whgg_django\.venv\Lib\site-packages\django\template\loaders\cached.py", line 57, in get_template
    template = super().get_template(template_name, skip)
               ^^^^^^^^^^^^^^^^^^^^^^^^^^^^^^^^^^^^^^^^^
  File "C:\users\Diego\desktop\Diego\programacion\Portfolio\whgg_django\.venv\Lib\site-packages\django\template\loaders\base.py", line 28, in get_template
    return Template(
           ^^^^^^^^^
  File "C:\users\Diego\desktop\Diego\programacion\Portfolio\whgg_django\.venv\Lib\site-packages\django\template\base.py", line 154, in __init__
    self.nodelist = self.compile_nodelist()
                    ^^^^^^^^^^^^^^^^^^^^^^^
  File "C:\users\Diego\desktop\Diego\programacion\Portfolio\whgg_django\.venv\Lib\site-packages\django\template\base.py", line 200, in compile_nodelist
    return parser.parse()
           ^^^^^^^^^^^^^^
  File "C:\users\Diego\desktop\Diego\programacion\Portfolio\whgg_django\.venv\Lib\site-packages\django\template\base.py", line 484, in parse
    raise self.error(token, e)
  File "C:\users\Diego\desktop\Diego\programacion\Portfolio\whgg_django\.venv\Lib\site-packages\django\template\base.py", line 482, in parse
    filter_expression = self.compile_filter(token.contents)
                        ^^^^^^^^^^^^^^^^^^^^^^^^^^^^^^^^^^^
  File "C:\users\Diego\desktop\Diego\programacion\Portfolio\whgg_django\.venv\Lib\site-packages\django\template\base.py", line 600, in compile_filter
    return FilterExpression(token, self)
           ^^^^^^^^^^^^^^^^^^^^^^^^^^^^^
  File "C:\users\Diego\desktop\Diego\programacion\Portfolio\whgg_django\.venv\Lib\site-packages\django\template\base.py", line 703, in __init__
    raise TemplateSyntaxError(
django.template.exceptions.TemplateSyntaxError: Could not parse the remainder: '('summoner.summoner_info', region=region, summoner_name=summoner_name)' from 'url_for('summoner.summoner_info', region=region, summoner_name=summoner_name)'
Watching for file changes with StatReloader
Internal Server Error: /
Traceback (most recent call last):
  File "C:\users\Diego\desktop\Diego\programacion\Portfolio\whgg_django\.venv\Lib\site-packages\django\core\handlers\exception.py", line 55, in inner
    response = get_response(request)
               ^^^^^^^^^^^^^^^^^^^^^
  File "C:\users\Diego\desktop\Diego\programacion\Portfolio\whgg_django\.venv\Lib\site-packages\django\core\handlers\base.py", line 197, in _get_response
    response = wrapped_callback(request, *callback_args, **callback_kwargs)
               ^^^^^^^^^^^^^^^^^^^^^^^^^^^^^^^^^^^^^^^^^^^^^^^^^^^^^^^^^^^^
  File "C:\Users\diego\Desktop\Diego\programacion\Portfolio\whgg_django\summoner_dashboard\views.py", line 8, in home
    return render(request, 'summoner_dashboard/main_page.html')
           ^^^^^^^^^^^^^^^^^^^^^^^^^^^^^^^^^^^^^^^^^^^^^^^^^^^^
  File "C:\users\Diego\desktop\Diego\programacion\Portfolio\whgg_django\.venv\Lib\site-packages\django\shortcuts.py", line 24, in render
    content = loader.render_to_string(template_name, context, request, using=using)
              ^^^^^^^^^^^^^^^^^^^^^^^^^^^^^^^^^^^^^^^^^^^^^^^^^^^^^^^^^^^^^^^^^^^^^
  File "C:\users\Diego\desktop\Diego\programacion\Portfolio\whgg_django\.venv\Lib\site-packages\django\template\loader.py", line 62, in render_to_string
    return template.render(context, request)
           ^^^^^^^^^^^^^^^^^^^^^^^^^^^^^^^^^
  File "C:\users\Diego\desktop\Diego\programacion\Portfolio\whgg_django\.venv\Lib\site-packages\django\template\backends\django.py", line 61, in render
    return self.template.render(context)
           ^^^^^^^^^^^^^^^^^^^^^^^^^^^^^
  File "C:\users\Diego\desktop\Diego\programacion\Portfolio\whgg_django\.venv\Lib\site-packages\django\template\base.py", line 175, in render
    return self._render(context)
           ^^^^^^^^^^^^^^^^^^^^^
  File "C:\users\Diego\desktop\Diego\programacion\Portfolio\whgg_django\.venv\Lib\site-packages\django\template\base.py", line 167, in _render
    return self.nodelist.render(context)
           ^^^^^^^^^^^^^^^^^^^^^^^^^^^^^
  File "C:\users\Diego\desktop\Diego\programacion\Portfolio\whgg_django\.venv\Lib\site-packages\django\template\base.py", line 1005, in render
    return SafeString("".join([node.render_annotated(context) for node in self]))
                              ^^^^^^^^^^^^^^^^^^^^^^^^^^^^^^^^^^^^^^^^^^^^^^^^^
  File "C:\users\Diego\desktop\Diego\programacion\Portfolio\whgg_django\.venv\Lib\site-packages\django\template\base.py", line 1005, in <listcomp>
    return SafeString("".join([node.render_annotated(context) for node in self]))
                               ^^^^^^^^^^^^^^^^^^^^^^^^^^^^^^
  File "C:\users\Diego\desktop\Diego\programacion\Portfolio\whgg_django\.venv\Lib\site-packages\django\template\base.py", line 966, in render_annotated
    return self.render(context)
           ^^^^^^^^^^^^^^^^^^^^
  File "C:\users\Diego\desktop\Diego\programacion\Portfolio\whgg_django\.venv\Lib\site-packages\django\template\defaulttags.py", line 471, in render
    url = reverse(view_name, args=args, kwargs=kwargs, current_app=current_app)
          ^^^^^^^^^^^^^^^^^^^^^^^^^^^^^^^^^^^^^^^^^^^^^^^^^^^^^^^^^^^^^^^^^^^^^
  File "C:\users\Diego\desktop\Diego\programacion\Portfolio\whgg_django\.venv\Lib\site-packages\django\urls\base.py", line 88, in reverse
    return resolver._reverse_with_prefix(view, prefix, *args, **kwargs)
           ^^^^^^^^^^^^^^^^^^^^^^^^^^^^^^^^^^^^^^^^^^^^^^^^^^^^^^^^^^^^
  File "C:\users\Diego\desktop\Diego\programacion\Portfolio\whgg_django\.venv\Lib\site-packages\django\urls\resolvers.py", line 828, in _reverse_with_prefix
    raise NoReverseMatch(msg)
django.urls.exceptions.NoReverseMatch: Reverse for 'summoner_info' with keyword arguments '{'region': '', 'summoner_name': ''}' not found. 1 pattern(s) tried: ['summoners/(?P<region>[^/]+)/(?P<summoner_name>[^/]+)\\Z']
